2024-09-24 15:24:17 INFO: Iniciando o servidor...
2024-09-24 15:24:31 INFO: Rota '/hello' acessada.
2024-09-24 15:39:22 INFO: Iniciando o servidor...
2024-09-24 15:39:38 INFO: Rota '/hello' acessada.
2024-09-24 15:40:06 INFO: Colunas do DataFrame Bitcoin: Index(['date', 'open_price', 'close_price', 'min_price', 'max_price',
       'total_volume', '7_day_MA', 'daily_return', 'volatility', 'VWAP',
       'RSI'],
      dtype='object')
2024-09-24 15:40:06 INFO: Colunas do DataFrame Ethereum: Index(['date', 'open_price', 'close_price', 'min_price', 'max_price',
       'total_volume', '7_day_MA', 'daily_return', 'volatility', 'VWAP',
       'RSI'],
      dtype='object')
2024-09-24 15:40:06 INFO: Modelo executado com sucesso.
2024-09-24 15:41:21 INFO: Colunas do DataFrame Bitcoin: Index(['date', 'open_price', 'close_price', 'min_price', 'max_price',
       'total_volume', '7_day_MA', 'daily_return', 'volatility', 'VWAP',
       'RSI'],
      dtype='object')
2024-09-24 15:41:21 INFO: Colunas do DataFrame Ethereum: Index(['date', 'open_price', 'close_price', 'min_price', 'max_price',
       'total_volume', '7_day_MA', 'daily_return', 'volatility', 'VWAP',
       'RSI'],
      dtype='object')
2024-09-24 15:41:21 INFO: Modelo executado com sucesso.
2024-09-25 10:40:30 INFO: Iniciando o servidor...
2024-09-25 10:40:38 INFO: Rota '/hello' acessada.
2024-09-25 10:40:43 INFO: Colunas do DataFrame Bitcoin: Index(['date', 'open_price', 'close_price', 'min_price', 'max_price',
       'total_volume', '7_day_MA', 'daily_return', 'volatility', 'VWAP',
       'RSI'],
      dtype='object')
2024-09-25 10:40:45 INFO: Colunas do DataFrame Ethereum: Index(['date', 'open_price', 'close_price', 'min_price', 'max_price',
       'total_volume', '7_day_MA', 'daily_return', 'volatility', 'VWAP',
       'RSI'],
      dtype='object')
2024-09-25 10:40:45 ERROR: Erro ao executar o modelo: Erro ao processar os resultados: 0
2024-09-25 10:46:59 INFO: Iniciando o servidor...
2024-09-25 10:47:06 INFO: Rota '/hello' acessada.
2024-09-25 10:47:41 INFO: Iniciando execução dos modelos para Bitcoin e Ethereum.
2024-09-25 10:47:41 INFO: Colunas do DataFrame Bitcoin: Index(['date', 'open_price', 'close_price', 'min_price', 'max_price',
       'total_volume', '7_day_MA', 'daily_return', 'volatility', 'VWAP',
       'RSI'],
      dtype='object')
2024-09-25 10:47:41 INFO: Colunas do DataFrame Ethereum: Index(['date', 'open_price', 'close_price', 'min_price', 'max_price',
       'total_volume', '7_day_MA', 'daily_return', 'volatility', 'VWAP',
       'RSI'],
      dtype='object')
2024-09-25 10:47:41 INFO: Resultados para Bitcoin processados com sucesso.
2024-09-25 10:47:41 INFO: Resultados para Ethereum processados com sucesso.
2024-09-25 10:47:41 ERROR: Erro ao executar o modelo: Erro ao processar os resultados: 0
2024-09-25 10:52:03 INFO: Rota '/hello' acessada.
2024-09-25 10:52:09 INFO: Colunas do DataFrame Bitcoin: Index(['date', 'open_price', 'close_price', 'min_price', 'max_price',
       'total_volume', '7_day_MA', 'daily_return', 'volatility', 'VWAP',
       'RSI'],
      dtype='object')
2024-09-25 10:52:09 INFO: Colunas do DataFrame Ethereum: Index(['date', 'open_price', 'close_price', 'min_price', 'max_price',
       'total_volume', '7_day_MA', 'daily_return', 'volatility', 'VWAP',
       'RSI'],
      dtype='object')
2024-09-25 10:52:09 INFO: Resultados recebidos para processamento: {'bitcoin': {'melhores_dias':             forecast_volatility  forecast_price  previous_week_avg  buy_signal  holt_winters_forecast
2024-09-24             0.002623    63369.112108           0.759571       False           63920.611367, 'previsao_proximos_dias':             forecast_volatility  forecast_price  previous_week_avg  buy_signal
2024-09-24             0.002623    63369.112108           0.759571       False
2024-09-25             0.002988    63409.492293           0.759571       False
2024-09-26             0.003345    63416.892774           0.759571       False
2024-09-27             0.003696    63426.284171           0.759571       False
2024-09-28             0.004039    63423.223072           0.759571       False, 'holt_winters_forecast': [63920.61136716407, 63486.56749316123, 63789.514663361464, 63842.55665876324, 63872.78093528095, 63922.148034919526, 64023.545903678016, 64635.008889131655, 64200.96501512882, 64503.912185329034]}, 'ethereum': {'melhores_dias':             forecast_volatility  forecast_price  previous_week_avg  buy_signal  holt_winters_forecast
2024-09-24              0.00573     2586.832171           0.364004       False            2610.486414, 'previsao_proximos_dias':             forecast_volatility  forecast_price  previous_week_avg  buy_signal
2024-09-24             0.005730     2586.832171           0.364004       False
2024-09-25             0.005773     2593.374766           0.364004       False
2024-09-26             0.005813     2591.706467           0.364004       False
2024-09-27             0.005852     2594.856112           0.364004       False
2024-09-28             0.005890     2594.157286           0.364004       False, 'holt_winters_forecast': [2610.4864135029416, 2578.082706876181, 2593.0933591543385, 2596.225632397411, 2584.44740683406, 2590.8299064463454, 2597.281624283051, 2629.5492737409804, 2597.14556711422, 2612.156219392378]}}
2024-09-25 10:52:09 INFO: Modelo executado com sucesso.
2024-09-25 10:53:07 INFO: Colunas do DataFrame Bitcoin: Index(['date', 'open_price', 'close_price', 'min_price', 'max_price',
       'total_volume', '7_day_MA', 'daily_return', 'volatility', 'VWAP',
       'RSI'],
      dtype='object')
2024-09-25 10:53:07 INFO: Colunas do DataFrame Ethereum: Index(['date', 'open_price', 'close_price', 'min_price', 'max_price',
       'total_volume', '7_day_MA', 'daily_return', 'volatility', 'VWAP',
       'RSI'],
      dtype='object')
2024-09-25 10:53:07 INFO: Resultados recebidos para processamento: {'bitcoin': {'melhores_dias':             forecast_volatility  forecast_price  previous_week_avg  buy_signal  holt_winters_forecast
2024-09-24             0.002623    63369.112108           0.759571       False           63920.611367, 'previsao_proximos_dias':             forecast_volatility  forecast_price  previous_week_avg  buy_signal
2024-09-24             0.002623    63369.112108           0.759571       False
2024-09-25             0.002988    63409.492293           0.759571       False
2024-09-26             0.003345    63416.892774           0.759571       False
2024-09-27             0.003696    63426.284171           0.759571       False
2024-09-28             0.004039    63423.223072           0.759571       False, 'holt_winters_forecast': [63920.61136716407, 63486.56749316123, 63789.514663361464, 63842.55665876324, 63872.78093528095, 63922.148034919526, 64023.545903678016, 64635.008889131655, 64200.96501512882, 64503.912185329034]}, 'ethereum': {'melhores_dias':             forecast_volatility  forecast_price  previous_week_avg  buy_signal  holt_winters_forecast
2024-09-24              0.00573     2586.832171           0.364004       False            2610.486414, 'previsao_proximos_dias':             forecast_volatility  forecast_price  previous_week_avg  buy_signal
2024-09-24             0.005730     2586.832171           0.364004       False
2024-09-25             0.005773     2593.374766           0.364004       False
2024-09-26             0.005813     2591.706467           0.364004       False
2024-09-27             0.005852     2594.856112           0.364004       False
2024-09-28             0.005890     2594.157286           0.364004       False, 'holt_winters_forecast': [2610.4864135029416, 2578.082706876181, 2593.0933591543385, 2596.225632397411, 2584.44740683406, 2590.8299064463454, 2597.281624283051, 2629.5492737409804, 2597.14556711422, 2612.156219392378]}}
2024-09-25 10:53:07 INFO: Modelo executado com sucesso.
2024-09-25 10:54:11 INFO: Colunas do DataFrame Bitcoin: Index(['date', 'open_price', 'close_price', 'min_price', 'max_price',
       'total_volume', '7_day_MA', 'daily_return', 'volatility', 'VWAP',
       'RSI'],
      dtype='object')
2024-09-25 10:54:11 INFO: Colunas do DataFrame Ethereum: Index(['date', 'open_price', 'close_price', 'min_price', 'max_price',
       'total_volume', '7_day_MA', 'daily_return', 'volatility', 'VWAP',
       'RSI'],
      dtype='object')
2024-09-25 10:54:11 INFO: Resultados recebidos para processamento: {'bitcoin': {'melhores_dias':             forecast_volatility  forecast_price  previous_week_avg  buy_signal  holt_winters_forecast
2024-09-24             0.002623    63369.112108           0.759571       False           63920.611367, 'previsao_proximos_dias':             forecast_volatility  forecast_price  previous_week_avg  buy_signal
2024-09-24             0.002623    63369.112108           0.759571       False
2024-09-25             0.002988    63409.492293           0.759571       False
2024-09-26             0.003345    63416.892774           0.759571       False
2024-09-27             0.003696    63426.284171           0.759571       False
2024-09-28             0.004039    63423.223072           0.759571       False, 'holt_winters_forecast': [63920.61136716407, 63486.56749316123, 63789.514663361464, 63842.55665876324, 63872.78093528095, 63922.148034919526, 64023.545903678016, 64635.008889131655, 64200.96501512882, 64503.912185329034]}, 'ethereum': {'melhores_dias':             forecast_volatility  forecast_price  previous_week_avg  buy_signal  holt_winters_forecast
2024-09-24              0.00573     2586.832171           0.364004       False            2610.486414, 'previsao_proximos_dias':             forecast_volatility  forecast_price  previous_week_avg  buy_signal
2024-09-24             0.005730     2586.832171           0.364004       False
2024-09-25             0.005773     2593.374766           0.364004       False
2024-09-26             0.005813     2591.706467           0.364004       False
2024-09-27             0.005852     2594.856112           0.364004       False
2024-09-28             0.005890     2594.157286           0.364004       False, 'holt_winters_forecast': [2610.4864135029416, 2578.082706876181, 2593.0933591543385, 2596.225632397411, 2584.44740683406, 2590.8299064463454, 2597.281624283051, 2629.5492737409804, 2597.14556711422, 2612.156219392378]}}
2024-09-25 10:54:11 INFO: Modelo executado com sucesso.
2024-09-25 10:54:59 INFO: Colunas do DataFrame Bitcoin: Index(['date', 'open_price', 'close_price', 'min_price', 'max_price',
       'total_volume', '7_day_MA', 'daily_return', 'volatility', 'VWAP',
       'RSI'],
      dtype='object')
2024-09-25 10:54:59 INFO: Colunas do DataFrame Ethereum: Index(['date', 'open_price', 'close_price', 'min_price', 'max_price',
       'total_volume', '7_day_MA', 'daily_return', 'volatility', 'VWAP',
       'RSI'],
      dtype='object')
2024-09-25 10:54:59 INFO: Resultados recebidos para processamento: {'bitcoin': {'melhores_dias':             forecast_volatility  forecast_price  previous_week_avg  buy_signal  holt_winters_forecast
2024-09-24             0.002623    63369.112108           0.759571       False           63920.611367, 'previsao_proximos_dias':             forecast_volatility  forecast_price  previous_week_avg  buy_signal
2024-09-24             0.002623    63369.112108           0.759571       False
2024-09-25             0.002988    63409.492293           0.759571       False
2024-09-26             0.003345    63416.892774           0.759571       False
2024-09-27             0.003696    63426.284171           0.759571       False
2024-09-28             0.004039    63423.223072           0.759571       False, 'holt_winters_forecast': [63920.61136716407, 63486.56749316123, 63789.514663361464, 63842.55665876324, 63872.78093528095, 63922.148034919526, 64023.545903678016, 64635.008889131655, 64200.96501512882, 64503.912185329034]}, 'ethereum': {'melhores_dias':             forecast_volatility  forecast_price  previous_week_avg  buy_signal  holt_winters_forecast
2024-09-24              0.00573     2586.832171           0.364004       False            2610.486414, 'previsao_proximos_dias':             forecast_volatility  forecast_price  previous_week_avg  buy_signal
2024-09-24             0.005730     2586.832171           0.364004       False
2024-09-25             0.005773     2593.374766           0.364004       False
2024-09-26             0.005813     2591.706467           0.364004       False
2024-09-27             0.005852     2594.856112           0.364004       False
2024-09-28             0.005890     2594.157286           0.364004       False, 'holt_winters_forecast': [2610.4864135029416, 2578.082706876181, 2593.0933591543385, 2596.225632397411, 2584.44740683406, 2590.8299064463454, 2597.281624283051, 2629.5492737409804, 2597.14556711422, 2612.156219392378]}}
2024-09-25 10:54:59 INFO: Modelo executado com sucesso.
2024-09-25 10:57:00 INFO: Rota '/hello' acessada.
2024-09-25 10:57:13 INFO: Iniciando a execução do modelo.
2024-09-25 10:57:13 INFO: Colunas do DataFrame Bitcoin: Index(['date', 'open_price', 'close_price', 'min_price', 'max_price',
       'total_volume', '7_day_MA', 'daily_return', 'volatility', 'VWAP',
       'RSI'],
      dtype='object')
2024-09-25 10:57:13 INFO: Colunas do DataFrame Ethereum: Index(['date', 'open_price', 'close_price', 'min_price', 'max_price',
       'total_volume', '7_day_MA', 'daily_return', 'volatility', 'VWAP',
       'RSI'],
      dtype='object')
2024-09-25 10:57:14 INFO: Resultado do modelo: {'bitcoin': {'melhores_dias':             forecast_volatility  forecast_price  previous_week_avg  buy_signal  holt_winters_forecast
2024-09-24             0.002623    63369.112108           0.759571       False           63920.611367, 'previsao_proximos_dias':             forecast_volatility  forecast_price  previous_week_avg  buy_signal
2024-09-24             0.002623    63369.112108           0.759571       False
2024-09-25             0.002988    63409.492293           0.759571       False
2024-09-26             0.003345    63416.892774           0.759571       False
2024-09-27             0.003696    63426.284171           0.759571       False
2024-09-28             0.004039    63423.223072           0.759571       False, 'holt_winters_forecast': [63920.61136716407, 63486.56749316123, 63789.514663361464, 63842.55665876324, 63872.78093528095, 63922.148034919526, 64023.545903678016, 64635.008889131655, 64200.96501512882, 64503.912185329034]}, 'ethereum': {'melhores_dias':             forecast_volatility  forecast_price  previous_week_avg  buy_signal  holt_winters_forecast
2024-09-24              0.00573     2586.832171           0.364004       False            2610.486414, 'previsao_proximos_dias':             forecast_volatility  forecast_price  previous_week_avg  buy_signal
2024-09-24             0.005730     2586.832171           0.364004       False
2024-09-25             0.005773     2593.374766           0.364004       False
2024-09-26             0.005813     2591.706467           0.364004       False
2024-09-27             0.005852     2594.856112           0.364004       False
2024-09-28             0.005890     2594.157286           0.364004       False, 'holt_winters_forecast': [2610.4864135029416, 2578.082706876181, 2593.0933591543385, 2596.225632397411, 2584.44740683406, 2590.8299064463454, 2597.281624283051, 2629.5492737409804, 2597.14556711422, 2612.156219392378]}}
2024-09-25 10:57:14 INFO: Resultados recebidos para processamento: {'bitcoin': {'melhores_dias':             forecast_volatility  forecast_price  previous_week_avg  buy_signal  holt_winters_forecast
2024-09-24             0.002623    63369.112108           0.759571       False           63920.611367, 'previsao_proximos_dias':             forecast_volatility  forecast_price  previous_week_avg  buy_signal
2024-09-24             0.002623    63369.112108           0.759571       False
2024-09-25             0.002988    63409.492293           0.759571       False
2024-09-26             0.003345    63416.892774           0.759571       False
2024-09-27             0.003696    63426.284171           0.759571       False
2024-09-28             0.004039    63423.223072           0.759571       False, 'holt_winters_forecast': [63920.61136716407, 63486.56749316123, 63789.514663361464, 63842.55665876324, 63872.78093528095, 63922.148034919526, 64023.545903678016, 64635.008889131655, 64200.96501512882, 64503.912185329034]}, 'ethereum': {'melhores_dias':             forecast_volatility  forecast_price  previous_week_avg  buy_signal  holt_winters_forecast
2024-09-24              0.00573     2586.832171           0.364004       False            2610.486414, 'previsao_proximos_dias':             forecast_volatility  forecast_price  previous_week_avg  buy_signal
2024-09-24             0.005730     2586.832171           0.364004       False
2024-09-25             0.005773     2593.374766           0.364004       False
2024-09-26             0.005813     2591.706467           0.364004       False
2024-09-27             0.005852     2594.856112           0.364004       False
2024-09-28             0.005890     2594.157286           0.364004       False, 'holt_winters_forecast': [2610.4864135029416, 2578.082706876181, 2593.0933591543385, 2596.225632397411, 2584.44740683406, 2590.8299064463454, 2597.281624283051, 2629.5492737409804, 2597.14556711422, 2612.156219392378]}}
2024-09-25 10:57:14 INFO: Dados processados: {'bitcoin': {'melhores_dias': [{'forecast_volatility': 0.002622603788463111, 'forecast_price': 63369.11210848589, 'previous_week_avg': 0.759570912722696, 'buy_signal': False, 'holt_winters_forecast': 63920.61136716407}], 'previsao_dias': [{'forecast_volatility': 0.002622603788463111, 'forecast_price': 63369.11210848589, 'previous_week_avg': 0.759570912722696, 'buy_signal': False}, {'forecast_volatility': 0.00298761919954597, 'forecast_price': 63409.49229325027, 'previous_week_avg': 0.759570912722696, 'buy_signal': False}, {'forecast_volatility': 0.0033453269172527837, 'forecast_price': 63416.89277405262, 'previous_week_avg': 0.759570912722696, 'buy_signal': False}, {'forecast_volatility': 0.0036958732433035814, 'forecast_price': 63426.28417071837, 'previous_week_avg': 0.759570912722696, 'buy_signal': False}, {'forecast_volatility': 0.004039401550423948, 'forecast_price': 63423.22307212503, 'previous_week_avg': 0.759570912722696, 'buy_signal': False}], 'holt_winters_forecast': [63920.61136716407, 63486.56749316123, 63789.514663361464, 63842.55665876324, 63872.78093528095, 63922.148034919526, 64023.545903678016, 64635.008889131655, 64200.96501512882, 64503.912185329034]}, 'ethereum': {'melhores_dias': [{'forecast_volatility': 0.005730375023760024, 'forecast_price': 2586.832170798622, 'previous_week_avg': 0.3640041418118951, 'buy_signal': False, 'holt_winters_forecast': 2610.4864135029416}], 'previsao_dias': [{'forecast_volatility': 0.005730375023760024, 'forecast_price': 2586.832170798622, 'previous_week_avg': 0.3640041418118951, 'buy_signal': False}, {'forecast_volatility': 0.005772778453106678, 'forecast_price': 2593.37476617054, 'previous_week_avg': 0.3640041418118951, 'buy_signal': False}, {'forecast_volatility': 0.005813461048761979, 'forecast_price': 2591.706467469544, 'previous_week_avg': 0.3640041418118951, 'buy_signal': False}, {'forecast_volatility': 0.005852492646317974, 'forecast_price': 2594.856111893504, 'previous_week_avg': 0.3640041418118951, 'buy_signal': False}, {'forecast_volatility': 0.00588994024726953, 'forecast_price': 2594.157286196283, 'previous_week_avg': 0.3640041418118951, 'buy_signal': False}], 'holt_winters_forecast': [2610.4864135029416, 2578.082706876181, 2593.0933591543385, 2596.225632397411, 2584.44740683406, 2590.8299064463454, 2597.281624283051, 2629.5492737409804, 2597.14556711422, 2612.156219392378]}}
2024-09-25 10:57:14 INFO: Modelo executado com sucesso.
2024-09-25 13:27:40 INFO: Rota '/hello' acessada.
2024-09-25 13:28:55 INFO: Iniciando a execução do modelo.
2024-09-25 13:28:55 INFO: Colunas do DataFrame Bitcoin: Index(['date', 'open_price', 'close_price', 'min_price', 'max_price',
       'total_volume', '7_day_MA', 'daily_return', 'volatility', 'VWAP',
       'RSI'],
      dtype='object')
2024-09-25 13:28:55 INFO: Colunas do DataFrame Ethereum: Index(['date', 'open_price', 'close_price', 'min_price', 'max_price',
       'total_volume', '7_day_MA', 'daily_return', 'volatility', 'VWAP',
       'RSI'],
      dtype='object')
2024-09-25 13:28:55 INFO: Resultado do modelo: {'bitcoin': {'melhores_dias':             forecast_volatility  forecast_price  previous_week_avg  buy_signal  holt_winters_forecast
2024-09-24             0.002623    63369.112108           0.759571       False           63920.611367, 'previsao_proximos_dias':             forecast_volatility  forecast_price  previous_week_avg  buy_signal
2024-09-24             0.002623    63369.112108           0.759571       False
2024-09-25             0.002988    63409.492293           0.759571       False
2024-09-26             0.003345    63416.892774           0.759571       False
2024-09-27             0.003696    63426.284171           0.759571       False
2024-09-28             0.004039    63423.223072           0.759571       False, 'holt_winters_forecast': [63920.61136716407, 63486.56749316123, 63789.514663361464, 63842.55665876324, 63872.78093528095, 63922.148034919526, 64023.545903678016, 64635.008889131655, 64200.96501512882, 64503.912185329034]}, 'ethereum': {'melhores_dias':             forecast_volatility  forecast_price  previous_week_avg  buy_signal  holt_winters_forecast
2024-09-24              0.00573     2586.832171           0.364004       False            2610.486414, 'previsao_proximos_dias':             forecast_volatility  forecast_price  previous_week_avg  buy_signal
2024-09-24             0.005730     2586.832171           0.364004       False
2024-09-25             0.005773     2593.374766           0.364004       False
2024-09-26             0.005813     2591.706467           0.364004       False
2024-09-27             0.005852     2594.856112           0.364004       False
2024-09-28             0.005890     2594.157286           0.364004       False, 'holt_winters_forecast': [2610.4864135029416, 2578.082706876181, 2593.0933591543385, 2596.225632397411, 2584.44740683406, 2590.8299064463454, 2597.281624283051, 2629.5492737409804, 2597.14556711422, 2612.156219392378]}}
2024-09-25 13:28:55 INFO: Resultados recebidos para processamento: {'bitcoin': {'melhores_dias':             forecast_volatility  forecast_price  previous_week_avg  buy_signal  holt_winters_forecast
2024-09-24             0.002623    63369.112108           0.759571       False           63920.611367, 'previsao_proximos_dias':             forecast_volatility  forecast_price  previous_week_avg  buy_signal
2024-09-24             0.002623    63369.112108           0.759571       False
2024-09-25             0.002988    63409.492293           0.759571       False
2024-09-26             0.003345    63416.892774           0.759571       False
2024-09-27             0.003696    63426.284171           0.759571       False
2024-09-28             0.004039    63423.223072           0.759571       False, 'holt_winters_forecast': [63920.61136716407, 63486.56749316123, 63789.514663361464, 63842.55665876324, 63872.78093528095, 63922.148034919526, 64023.545903678016, 64635.008889131655, 64200.96501512882, 64503.912185329034]}, 'ethereum': {'melhores_dias':             forecast_volatility  forecast_price  previous_week_avg  buy_signal  holt_winters_forecast
2024-09-24              0.00573     2586.832171           0.364004       False            2610.486414, 'previsao_proximos_dias':             forecast_volatility  forecast_price  previous_week_avg  buy_signal
2024-09-24             0.005730     2586.832171           0.364004       False
2024-09-25             0.005773     2593.374766           0.364004       False
2024-09-26             0.005813     2591.706467           0.364004       False
2024-09-27             0.005852     2594.856112           0.364004       False
2024-09-28             0.005890     2594.157286           0.364004       False, 'holt_winters_forecast': [2610.4864135029416, 2578.082706876181, 2593.0933591543385, 2596.225632397411, 2584.44740683406, 2590.8299064463454, 2597.281624283051, 2629.5492737409804, 2597.14556711422, 2612.156219392378]}}
2024-09-25 13:28:55 INFO: Dados processados: {'bitcoin': {'melhores_dias': [{'forecast_volatility': 0.002622603788463111, 'forecast_price': 63369.11210848589, 'previous_week_avg': 0.759570912722696, 'buy_signal': False, 'holt_winters_forecast': 63920.61136716407}], 'previsao_dias': [{'forecast_volatility': 0.002622603788463111, 'forecast_price': 63369.11210848589, 'previous_week_avg': 0.759570912722696, 'buy_signal': False}, {'forecast_volatility': 0.00298761919954597, 'forecast_price': 63409.49229325027, 'previous_week_avg': 0.759570912722696, 'buy_signal': False}, {'forecast_volatility': 0.0033453269172527837, 'forecast_price': 63416.89277405262, 'previous_week_avg': 0.759570912722696, 'buy_signal': False}, {'forecast_volatility': 0.0036958732433035814, 'forecast_price': 63426.28417071837, 'previous_week_avg': 0.759570912722696, 'buy_signal': False}, {'forecast_volatility': 0.004039401550423948, 'forecast_price': 63423.22307212503, 'previous_week_avg': 0.759570912722696, 'buy_signal': False}], 'holt_winters_forecast': [63920.61136716407, 63486.56749316123, 63789.514663361464, 63842.55665876324, 63872.78093528095, 63922.148034919526, 64023.545903678016, 64635.008889131655, 64200.96501512882, 64503.912185329034]}, 'ethereum': {'melhores_dias': [{'forecast_volatility': 0.005730375023760024, 'forecast_price': 2586.832170798622, 'previous_week_avg': 0.3640041418118951, 'buy_signal': False, 'holt_winters_forecast': 2610.4864135029416}], 'previsao_dias': [{'forecast_volatility': 0.005730375023760024, 'forecast_price': 2586.832170798622, 'previous_week_avg': 0.3640041418118951, 'buy_signal': False}, {'forecast_volatility': 0.005772778453106678, 'forecast_price': 2593.37476617054, 'previous_week_avg': 0.3640041418118951, 'buy_signal': False}, {'forecast_volatility': 0.005813461048761979, 'forecast_price': 2591.706467469544, 'previous_week_avg': 0.3640041418118951, 'buy_signal': False}, {'forecast_volatility': 0.005852492646317974, 'forecast_price': 2594.856111893504, 'previous_week_avg': 0.3640041418118951, 'buy_signal': False}, {'forecast_volatility': 0.00588994024726953, 'forecast_price': 2594.157286196283, 'previous_week_avg': 0.3640041418118951, 'buy_signal': False}], 'holt_winters_forecast': [2610.4864135029416, 2578.082706876181, 2593.0933591543385, 2596.225632397411, 2584.44740683406, 2590.8299064463454, 2597.281624283051, 2629.5492737409804, 2597.14556711422, 2612.156219392378]}}
2024-09-25 13:28:55 INFO: Modelo executado com sucesso.
